[Licensing::Module] Trying to connect to existing licensing client channel...
Built from '6000.3/staging' branch; Version is '6000.3.2f1 (a9779f353c9b) revision 11106207'; Using compiler version '194234433'; Build Type 'Release'
OS: 'Windows 11  (10.0.22631) 64bit Core' Language: 'en' Physical Memory: 16308 MB
[Licensing::IpcConnector] Successfully connected to: "LicenseClient-Owen Chau" at "2026-01-08T06:28:01.6045597Z"
BatchMode: 1, IsHumanControllingUs: 0, StartBugReporterOnCrash: 0, Is64bit: 1
Date: 2026-01-08T06:28:01Z

COMMAND LINE ARGUMENTS:
C:\Program Files\Unity\Hub\Editor\6000.3.2f1\Editor\Unity.exe
-adb2
-batchMode
-noUpm
-name
AssetImportWorker3
-projectPath
C:/Users/Owen Chau/Documents/GitHub/FBLACareerSim/2D_IsoTilemaps_Project
-logFile
Logs/AssetImportWorker3.log
-srvPort
53389
-licensingIpc
LicenseClient-Owen Chau
-job-worker-count
5
-background-job-worker-count
8
-gc-helper-count
1
-name
AssetImport
Successfully changed project path to: C:/Users/Owen Chau/Documents/GitHub/FBLACareerSim/2D_IsoTilemaps_Project
C:/Users/Owen Chau/Documents/GitHub/FBLACareerSim/2D_IsoTilemaps_Project
[UnityMemory] Configuration Parameters - Can be set up in boot.config
    "memorysetup-temp-allocator-size-nav-mesh-worker=65536"
    "memorysetup-temp-allocator-size-audio-worker=65536"
    "memorysetup-temp-allocator-size-gfx=262144"
    "memorysetup-allocator-temp-initial-block-size-main=262144"
    "memorysetup-allocator-temp-initial-block-size-worker=262144"
    "memorysetup-temp-allocator-size-background-worker=32768"
    "memorysetup-temp-allocator-size-job-worker=262144"
    "memorysetup-temp-allocator-size-preload-manager=33554432"
    "memorysetup-temp-allocator-size-gi-baking-worker=262144"
    "memorysetup-temp-allocator-size-gi-baking-worker=262144"
    "memorysetup-temp-allocator-size-gi-baking-worker=262144"
    "memorysetup-temp-allocator-size-gi-baking-worker=262144"
    "memorysetup-temp-allocator-size-gi-baking-worker=262144"
    "memorysetup-bucket-allocator-granularity=16"
    "memorysetup-bucket-allocator-bucket-count=8"
    "memorysetup-bucket-allocator-block-size=33554432"
    "memorysetup-bucket-allocator-block-count=8"
    "memorysetup-main-allocator-block-size=16777216"
    "memorysetup-thread-allocator-block-size=16777216"
    "memorysetup-gfx-main-allocator-block-size=16777216"
    "memorysetup-gfx-thread-allocator-block-size=16777216"
    "memorysetup-cache-allocator-block-size=4194304"
    "memorysetup-typetree-allocator-block-size=2097152"
    "memorysetup-profiler-bucket-allocator-granularity=16"
    "memorysetup-profiler-bucket-allocator-bucket-count=8"
    "memorysetup-profiler-bucket-allocator-block-size=33554432"
    "memorysetup-profiler-bucket-allocator-block-count=8"
    "memorysetup-profiler-allocator-block-size=16777216"
    "memorysetup-profiler-editor-allocator-block-size=1048576"
    "memorysetup-temp-allocator-size-main=16777216"
    "memorysetup-job-temp-allocator-block-size=2097152"
    "memorysetup-job-temp-allocator-block-size-background=1048576"
    "memorysetup-job-temp-allocator-reduction-small-platforms=262144"
    "memorysetup-temp-allocator-size-cloud-worker=32768"
Player connection [3796]  Target information:

Player connection [3796]  * "[IP] 192.168.68.73 [Port] 0 [Flags] 2 [Guid] 1347854524 [EditorId] 1347854524 [Version] 1048832 [Id] WindowsEditor(7,Shadow) [Debug] 1 [PackageName] WindowsEditor [ProjectName] Editor" 

Player connection [3796] Host joined multi-casting on [225.0.0.222:54997]...
Player connection [3796] Host joined alternative multi-casting on [225.0.0.222:34997]...
JobSystem: Creating JobQueue using job-worker-count value 5
Input System module state changed to: Initialized.
[Physics::Module] Initialized fallback backend.
[Physics::Module] Id: 0xdecafbad
Library Redirect Path: Library/
[Physics::Module] Selected backend.
[Physics::Module] Name: PhysX
[Physics::Module] Id: 0xf2b8ea05
[Physics::Module] SDK Version: 4.1.2
[Physics::Module] Integration Version: 1.0.0
[Physics::Module] Threading Mode: Multi-Threaded
Refreshing native plugins compatible for Editor in 23.72 ms, found 2 plugins.
Preloading 0 native plugins for Editor in 0.00 ms.
Initialize engine version: 6000.3.2f1 (a9779f353c9b)
[Subsystems] Discovering subsystems at path C:/Program Files/Unity/Hub/Editor/6000.3.2f1/Editor/Data/Resources/UnitySubsystems
[Subsystems] Discovering subsystems at path C:/Users/Owen Chau/Documents/GitHub/FBLACareerSim/2D_IsoTilemaps_Project/Assets
GfxDevice: creating device client; kGfxThreadingModeNonThreaded
Direct3D:
    Version:  Direct3D 11.0 [level 11.1]
    Renderer: AMD Radeon RX 6600 (ID=0x73ff)
    Vendor:   ATI
    VRAM:     8146 MB
    Driver:   32.0.21037.1004
Initialize mono
Mono path[0] = 'C:/Program Files/Unity/Hub/Editor/6000.3.2f1/Editor/Data/Managed'
Mono path[1] = 'C:/Program Files/Unity/Hub/Editor/6000.3.2f1/Editor/Data/MonoBleedingEdge/lib/mono/unityjit-win32'
Mono config path = 'C:/Program Files/Unity/Hub/Editor/6000.3.2f1/Editor/Data/MonoBleedingEdge/etc'
Using monoOptions --debugger-agent=transport=dt_socket,embedding=1,server=y,suspend=n,address=127.0.0.1:56164
Begin MonoManager ReloadAssembly
Registering precompiled unity dll's ...
Register platform support module: C:/Program Files/Unity/Hub/Editor/6000.3.2f1/Editor/Data/PlaybackEngines/WindowsStandaloneSupport/UnityEditor.WindowsStandalone.Extensions.dll
Registered in 0.002779 seconds.
[Licensing::Client] Handshaking with LicensingClient:
  Version:                 1.17.4+4293ba1
  Session Id:              af313295631549ea9c2c0e9b08dd4609
  Correlation Id:          86a75c061c1ef2b243d765679e740a09
  External correlation Id: 1821496404591928666
  Machine Id:              WvINjPa+O7sz/wSL+7E8rFSecn0=
[Licensing::Module] Successfully connected to LicensingClient on channel: "LicenseClient-Owen Chau" (connect: 0.00s, validation: 0.00s, handshake: 0.93s)
[Licensing::IpcConnector] Successfully connected to: "LicenseClient-Owen Chau-notifications" at "2026-01-08T06:28:02.53371Z"
[Licensing::Module] Licensing Background thread has ended after 0.93s
- Loaded All Assemblies, in  0.534 seconds
Native extension for WindowsStandalone target not found
Mono: successfully reloaded assembly
- Finished resetting the current domain, in  0.450 seconds
Domain Reload Profiling: 981ms
	BeginReloadAssembly (211ms)
		ExecutionOrderSort (0ms)
		DisableScriptedObjects (0ms)
		BackupInstance (0ms)
		ReleaseScriptingObjects (0ms)
		CreateAndSetChildDomain (1ms)
	RebuildCommonClasses (43ms)
	RebuildNativeTypeToScriptingClass (13ms)
	initialDomainReloadingComplete (61ms)
	LoadAllAssembliesAndSetupDomain (202ms)
		LoadAssemblies (208ms)
		RebuildTransferFunctionScriptingTraits (0ms)
		AnalyzeDomain (199ms)
			TypeCache.Refresh (197ms)
				TypeCache.ScanAssembly (181ms)
			BuildScriptInfoCaches (0ms)
			ResolveRequiredComponents (1ms)
	FinalizeReload (451ms)
		ReleaseScriptCaches (0ms)
		RebuildScriptCaches (0ms)
		SetupLoadedEditorAssemblies (406ms)
			LogAssemblyErrors (0ms)
			InitializePlatformSupportModulesInManaged (57ms)
			SetLoadedEditorAssemblies (5ms)
			BeforeProcessingInitializeOnLoad (89ms)
			ProcessInitializeOnLoadAttributes (160ms)
			ProcessInitializeOnLoadMethodAttributes (96ms)
			AfterProcessingInitializeOnLoad (0ms)
			EditorAssembliesLoaded (0ms)
		ExecutionOrderSort2 (0ms)
		AwakeInstancesAfterBackupRestoration (0ms)
========================================================================
Worker process is ready to serve import requests
Import Worker Mode flag is 0x00
Begin MonoManager ReloadAssembly
[Licensing::Client] Successfully resolved entitlement details
[Licensing::Module] License group:
  Id: F4-VYDB-PY66-6ERU-DUB9-XXXX
  Product: Unity Personal
  Type: ULF
  Expiration: Unlimited
[Licensing::Module] License group:
  Id: 1375879930017-UnityPersXXXX
  Product: Unity Personal
  Type: Assigned
  Expiration: Unlimited
Symbol file LoadedFromMemory is not a mono symbol file
- Loaded All Assemblies, in  2.535 seconds
Refreshing native plugins compatible for Editor in 5.28 ms, found 2 plugins.
Native extension for WindowsStandalone target not found
Refreshing native plugins compatible for Editor in 5.82 ms, found 2 plugins.
Package Manager log level set to [2]
[Package Manager] Failed to launch server process. Reason: Unity was launched with the -noUpm command-line argument
[Package Manager] Unable to send message (not connected to server process).
[Package Manager] Cannot connect to Unity Package Manager local server
Mono: successfully reloaded assembly
- Finished resetting the current domain, in  0.789 seconds
Domain Reload Profiling: 3315ms
	BeginReloadAssembly (203ms)
		ExecutionOrderSort (0ms)
		DisableScriptedObjects (7ms)
		BackupInstance (0ms)
		ReleaseScriptingObjects (0ms)
		CreateAndSetChildDomain (38ms)
	RebuildCommonClasses (46ms)
	RebuildNativeTypeToScriptingClass (14ms)
	initialDomainReloadingComplete (42ms)
	LoadAllAssembliesAndSetupDomain (2221ms)
		LoadAssemblies (2185ms)
		RebuildTransferFunctionScriptingTraits (0ms)
		AnalyzeDomain (143ms)
			TypeCache.Refresh (106ms)
				TypeCache.ScanAssembly (90ms)
			BuildScriptInfoCaches (31ms)
			ResolveRequiredComponents (3ms)
	FinalizeReload (789ms)
		ReleaseScriptCaches (0ms)
		RebuildScriptCaches (0ms)
		SetupLoadedEditorAssemblies (667ms)
			LogAssemblyErrors (0ms)
			InitializePlatformSupportModulesInManaged (2ms)
			SetLoadedEditorAssemblies (4ms)
			BeforeProcessingInitializeOnLoad (144ms)
			ProcessInitializeOnLoadAttributes (308ms)
			ProcessInitializeOnLoadMethodAttributes (202ms)
			AfterProcessingInitializeOnLoad (7ms)
			EditorAssembliesLoaded (0ms)
		ExecutionOrderSort2 (0ms)
		AwakeInstancesAfterBackupRestoration (6ms)
Launched and connected shader compiler UnityShaderCompiler.exe after 0.02 seconds
Refreshing native plugins compatible for Editor in 4.15 ms, found 2 plugins.
Preloading 0 native plugins for Editor in 0.00 ms.
Unloading 0 Unused Serialized files (Serialized files now loaded: 0)
Unloading 2971 unused Assets / (1.2 MB). Loaded Objects now: 3537.
Memory consumption went from 89.3 MB to 88.1 MB.
Total: 12.252000 ms (FindLiveObjects: 0.500000 ms CreateObjectMapping: 0.196200 ms MarkObjects: 10.550300 ms  DeleteObjects: 1.004000 ms)

========================================================================
Received Import Request.
  Time since last request: 23361.336480 seconds.
  path: Assets/Tilemaps/Isometric/Tiles/Plains/plains-sliced_21.asset
  artifactKey: Guid(b59e06d4f3e632842898fa3e7c99fae9) Importer(2089858483,b0f066a214c2f5e87bad3c948f4d605d)
Start importing Assets/Tilemaps/Isometric/Tiles/Plains/plains-sliced_21.asset using Guid(b59e06d4f3e632842898fa3e7c99fae9) Importer(2089858483,b0f066a214c2f5e87bad3c948f4d605d) (ScriptedImporter) -> (artifact id: '9753c47873595898044406ef48ea04a6') in 0.1164792 seconds
Number of updated asset objects reloaded before import = 0Number of asset objects unloaded after import = 2

========================================================================
Received Import Request.
  Time since last request: 0.000015 seconds.
  path: Assets/Tilemaps/Isometric/Tiles/FrozenMountain/snow_W.asset
  artifactKey: Guid(04e81d9019c23344dbd1372399ece2df) Importer(2089858483,b0f066a214c2f5e87bad3c948f4d605d)
Start importing Assets/Tilemaps/Isometric/Tiles/FrozenMountain/snow_W.asset using Guid(04e81d9019c23344dbd1372399ece2df) Importer(2089858483,b0f066a214c2f5e87bad3c948f4d605d) (ScriptedImporter) -> (artifact id: '0084c0b7577cda37e1abe100b72d8995') in 0.0181717 seconds
Number of updated asset objects reloaded before import = 0Number of asset objects unloaded after import = 2

========================================================================
Received Import Request.
  Time since last request: 0.000017 seconds.
  path: Assets/Tilemaps/Isometric/Tiles/Plains/plains-sliced_22.asset
  artifactKey: Guid(f89ec1f3e26bfa84a86556ed7cf8e905) Importer(2089858483,b0f066a214c2f5e87bad3c948f4d605d)
Start importing Assets/Tilemaps/Isometric/Tiles/Plains/plains-sliced_22.asset using Guid(f89ec1f3e26bfa84a86556ed7cf8e905) Importer(2089858483,b0f066a214c2f5e87bad3c948f4d605d) (ScriptedImporter) -> (artifact id: '954c587820b1bbf6c4e5a836662e2cd6') in 0.0186199 seconds
Number of updated asset objects reloaded before import = 0Number of asset objects unloaded after import = 2

========================================================================
Received Import Request.
  Time since last request: 0.000019 seconds.
  path: Assets/Tilemaps/Isometric/Tiles/FrozenCave/cave-sliced_26.asset
  artifactKey: Guid(53828f7678b65d04894601c134424db8) Importer(2089858483,b0f066a214c2f5e87bad3c948f4d605d)
Start importing Assets/Tilemaps/Isometric/Tiles/FrozenCave/cave-sliced_26.asset using Guid(53828f7678b65d04894601c134424db8) Importer(2089858483,b0f066a214c2f5e87bad3c948f4d605d) (ScriptedImporter) -> (artifact id: 'ae16c0db255916af884a5d7a5875890a') in 0.0118769 seconds
Number of updated asset objects reloaded before import = 0Number of asset objects unloaded after import = 2

========================================================================
Received Import Request.
  Time since last request: 0.000014 seconds.
  path: Assets/Tilemaps/Isometric/Tiles/Desert/desert-sliced_50.asset
  artifactKey: Guid(e9c86c8d481f50241ad76501cb26a677) Importer(2089858483,b0f066a214c2f5e87bad3c948f4d605d)
Start importing Assets/Tilemaps/Isometric/Tiles/Desert/desert-sliced_50.asset using Guid(e9c86c8d481f50241ad76501cb26a677) Importer(2089858483,b0f066a214c2f5e87bad3c948f4d605d) (ScriptedImporter) -> (artifact id: '9b8effdb5141441475ea7ee69bbe2eee') in 0.0115498 seconds
Number of updated asset objects reloaded before import = 0Number of asset objects unloaded after import = 2

========================================================================
Received Import Request.
  Time since last request: 0.000017 seconds.
  path: Assets/Characters/Witch/AnimationSprites/Run S/witch run S05.png
  artifactKey: Guid(1a2cbf2c652bd40018e61a2f02e75c5a) Importer(2089858483,b0f066a214c2f5e87bad3c948f4d605d)
Start importing Assets/Characters/Witch/AnimationSprites/Run S/witch run S05.png using Guid(1a2cbf2c652bd40018e61a2f02e75c5a) Importer(2089858483,b0f066a214c2f5e87bad3c948f4d605d) (ScriptedImporter) -> (artifact id: '5ab4405d972f4959d181164387f84ce0') in 0.0601223 seconds
Number of updated asset objects reloaded before import = 0Number of asset objects unloaded after import = 3

========================================================================
Received Import Request.
  Time since last request: 0.000017 seconds.
  path: Assets/Tilemaps/Isometric/Tiles/Basic/cube12.asset
  artifactKey: Guid(a5a8519cc734112449f264af09d8b10c) Importer(2089858483,b0f066a214c2f5e87bad3c948f4d605d)
Start importing Assets/Tilemaps/Isometric/Tiles/Basic/cube12.asset using Guid(a5a8519cc734112449f264af09d8b10c) Importer(2089858483,b0f066a214c2f5e87bad3c948f4d605d) (ScriptedImporter) -> (artifact id: 'fc524b5dd760d82a881c0d40349b7f5a') in 0.010392 seconds
Number of updated asset objects reloaded before import = 0Number of asset objects unloaded after import = 2

========================================================================
Received Import Request.
  Time since last request: 0.000026 seconds.
  path: Assets/Tilemaps/Hexagonal/Tiles/hex-sliced_50.asset
  artifactKey: Guid(5ffd0c93ea497f04cb624ea5f5dfca0c) Importer(2089858483,b0f066a214c2f5e87bad3c948f4d605d)
Start importing Assets/Tilemaps/Hexagonal/Tiles/hex-sliced_50.asset using Guid(5ffd0c93ea497f04cb624ea5f5dfca0c) Importer(2089858483,b0f066a214c2f5e87bad3c948f4d605d) (ScriptedImporter) -> (artifact id: '06312df4c670b2157c1d79db350fddcc') in 0.0123517 seconds
Number of updated asset objects reloaded before import = 0Number of asset objects unloaded after import = 2

========================================================================
Received Import Request.
  Time since last request: 0.000014 seconds.
  path: Assets/Characters/Witch/AnimationSprites/Run N/witch run N00.png
  artifactKey: Guid(5927a47e43c3a495ab2f4736eb3c0312) Importer(2089858483,b0f066a214c2f5e87bad3c948f4d605d)
Start importing Assets/Characters/Witch/AnimationSprites/Run N/witch run N00.png using Guid(5927a47e43c3a495ab2f4736eb3c0312) Importer(2089858483,b0f066a214c2f5e87bad3c948f4d605d) (ScriptedImporter) -> (artifact id: '0215434a903ea8c65dc4bce3a03a81f3') in 0.0142057 seconds
Number of updated asset objects reloaded before import = 0Number of asset objects unloaded after import = 3

========================================================================
Received Import Request.
  Time since last request: 0.000015 seconds.
  path: Assets/Tilemaps/Isometric/Tiles/FrozenMountain/snow_corner_E.asset
  artifactKey: Guid(a4337f8a7343ea84bbb642739af2269d) Importer(2089858483,b0f066a214c2f5e87bad3c948f4d605d)
Start importing Assets/Tilemaps/Isometric/Tiles/FrozenMountain/snow_corner_E.asset using Guid(a4337f8a7343ea84bbb642739af2269d) Importer(2089858483,b0f066a214c2f5e87bad3c948f4d605d) (ScriptedImporter) -> (artifact id: '906e0e8051b2ae7eba1616073df0439d') in 0.0107415 seconds
Number of updated asset objects reloaded before import = 0Number of asset objects unloaded after import = 2

========================================================================
Received Import Request.
  Time since last request: 0.000015 seconds.
  path: Assets/Tilemaps/Hexagonal/Tiles/hex-sliced_48.asset
  artifactKey: Guid(cac85c1e1a0fbf647817683b9832f0ba) Importer(2089858483,b0f066a214c2f5e87bad3c948f4d605d)
Start importing Assets/Tilemaps/Hexagonal/Tiles/hex-sliced_48.asset using Guid(cac85c1e1a0fbf647817683b9832f0ba) Importer(2089858483,b0f066a214c2f5e87bad3c948f4d605d) (ScriptedImporter) -> (artifact id: '1de327bcea21038075ded52b0188a61c') in 0.0123691 seconds
Number of updated asset objects reloaded before import = 0Number of asset objects unloaded after import = 2

========================================================================
Received Import Request.
  Time since last request: 0.000019 seconds.
  path: Assets/Tilemaps/Isometric/Tiles/Plains/plains-sliced_67.asset
  artifactKey: Guid(1e41474016a009d47ba96b2ac2b1dd06) Importer(2089858483,b0f066a214c2f5e87bad3c948f4d605d)
Start importing Assets/Tilemaps/Isometric/Tiles/Plains/plains-sliced_67.asset using Guid(1e41474016a009d47ba96b2ac2b1dd06) Importer(2089858483,b0f066a214c2f5e87bad3c948f4d605d) (ScriptedImporter) -> (artifact id: 'e42e403d09ad53abf3311228c24080b9') in 0.0116737 seconds
Number of updated asset objects reloaded before import = 0Number of asset objects unloaded after import = 2

========================================================================
Received Import Request.
  Time since last request: 0.000019 seconds.
  path: Assets/Tilemaps/Isometric/Tiles/Temple/temple-sliced_42.asset
  artifactKey: Guid(f1b498d98c3790942bd7fcbfd264df3f) Importer(2089858483,b0f066a214c2f5e87bad3c948f4d605d)
Start importing Assets/Tilemaps/Isometric/Tiles/Temple/temple-sliced_42.asset using Guid(f1b498d98c3790942bd7fcbfd264df3f) Importer(2089858483,b0f066a214c2f5e87bad3c948f4d605d) (ScriptedImporter) -> (artifact id: '3c020359d4264aed842065db574b0b0c') in 0.0180763 seconds
Number of updated asset objects reloaded before import = 0Number of asset objects unloaded after import = 2

========================================================================
Received Import Request.
  Time since last request: 0.000018 seconds.
  path: Assets/Tilemaps/Isometric/Tiles/Temple/temple-sliced_41.asset
  artifactKey: Guid(0ab32fafc1969664eb401ffb8f026a38) Importer(2089858483,b0f066a214c2f5e87bad3c948f4d605d)
Start importing Assets/Tilemaps/Isometric/Tiles/Temple/temple-sliced_41.asset using Guid(0ab32fafc1969664eb401ffb8f026a38) Importer(2089858483,b0f066a214c2f5e87bad3c948f4d605d) (ScriptedImporter) -> (artifact id: 'f2c0c0e11dfe9e335f9d0edd2a25f966') in 0.0194356 seconds
Number of updated asset objects reloaded before import = 0Number of asset objects unloaded after import = 2

========================================================================
Received Import Request.
  Time since last request: 0.000019 seconds.
  path: Assets/Tilemaps/Isometric/Tiles/Temple/temple-sliced_12.asset
  artifactKey: Guid(96ae0d9cc53d75c4e89aa8da043b45f6) Importer(2089858483,b0f066a214c2f5e87bad3c948f4d605d)
Start importing Assets/Tilemaps/Isometric/Tiles/Temple/temple-sliced_12.asset using Guid(96ae0d9cc53d75c4e89aa8da043b45f6) Importer(2089858483,b0f066a214c2f5e87bad3c948f4d605d) (ScriptedImporter) -> (artifact id: '20a74358b7141d29fa2d6ac3eb95f23b') in 0.0106785 seconds
Number of updated asset objects reloaded before import = 0Number of asset objects unloaded after import = 2

========================================================================
Received Import Request.
  Time since last request: 0.000017 seconds.
  path: Assets/Tilemaps/Isometric/Tiles/Temple/temple-sliced_40.asset
  artifactKey: Guid(2625528bfb05cb64ca5dfebddc9ad29a) Importer(2089858483,b0f066a214c2f5e87bad3c948f4d605d)
Start importing Assets/Tilemaps/Isometric/Tiles/Temple/temple-sliced_40.asset using Guid(2625528bfb05cb64ca5dfebddc9ad29a) Importer(2089858483,b0f066a214c2f5e87bad3c948f4d605d) (ScriptedImporter) -> (artifact id: 'ca407454687a871259c93fa115710919') in 0.0111682 seconds
Number of updated asset objects reloaded before import = 0Number of asset objects unloaded after import = 2

========================================================================
Received Import Request.
  Time since last request: 0.000015 seconds.
  path: Assets/Tilemaps/Isometric/Tiles/Temple/temple-sliced_17.asset
  artifactKey: Guid(3c0156f999eeb1b43b61166035ad59bb) Importer(2089858483,b0f066a214c2f5e87bad3c948f4d605d)
Start importing Assets/Tilemaps/Isometric/Tiles/Temple/temple-sliced_17.asset using Guid(3c0156f999eeb1b43b61166035ad59bb) Importer(2089858483,b0f066a214c2f5e87bad3c948f4d605d) (ScriptedImporter) -> (artifact id: '82483525007213ea69bf382e5931fda8') in 0.0179588 seconds
Number of updated asset objects reloaded before import = 0Number of asset objects unloaded after import = 2

========================================================================
Received Import Request.
  Time since last request: 0.000022 seconds.
  path: Assets/Tilemaps/Isometric/Tiles/Temple/temple-sliced_34.asset
  artifactKey: Guid(5b48fe003f87ced48ae363f0f5596452) Importer(2089858483,b0f066a214c2f5e87bad3c948f4d605d)
Start importing Assets/Tilemaps/Isometric/Tiles/Temple/temple-sliced_34.asset using Guid(5b48fe003f87ced48ae363f0f5596452) Importer(2089858483,b0f066a214c2f5e87bad3c948f4d605d) (ScriptedImporter) -> (artifact id: '9c243a03d6c76d8a1010709cc05f95bc') in 0.0205903 seconds
Number of updated asset objects reloaded before import = 0Number of asset objects unloaded after import = 2

========================================================================
Received Import Request.
  Time since last request: 0.000019 seconds.
  path: Assets/Tilemaps/Isometric/Tiles/Plains/plains-sliced_57.asset
  artifactKey: Guid(b9b5a328a6db66644acf0db2bf6cbb52) Importer(2089858483,b0f066a214c2f5e87bad3c948f4d605d)
Start importing Assets/Tilemaps/Isometric/Tiles/Plains/plains-sliced_57.asset using Guid(b9b5a328a6db66644acf0db2bf6cbb52) Importer(2089858483,b0f066a214c2f5e87bad3c948f4d605d) (ScriptedImporter) -> (artifact id: 'd841e6cc9888f21c1cf5df37105ab8d9') in 0.0108258 seconds
Number of updated asset objects reloaded before import = 0Number of asset objects unloaded after import = 2

========================================================================
Received Import Request.
  Time since last request: 0.000015 seconds.
  path: Assets/Tilemaps/Isometric/Tiles/Plains/plains-sliced_66.asset
  artifactKey: Guid(898f4c653e209ad409b300ccf447824c) Importer(2089858483,b0f066a214c2f5e87bad3c948f4d605d)
Start importing Assets/Tilemaps/Isometric/Tiles/Plains/plains-sliced_66.asset using Guid(898f4c653e209ad409b300ccf447824c) Importer(2089858483,b0f066a214c2f5e87bad3c948f4d605d) (ScriptedImporter) -> (artifact id: 'a661bdf8d5b67782b72c4258ef579307') in 0.0100034 seconds
Number of updated asset objects reloaded before import = 0Number of asset objects unloaded after import = 2

========================================================================
Received Import Request.
  Time since last request: 0.000015 seconds.
  path: Assets/Tilemaps/Isometric/Tiles/Temple/temple-sliced_39.asset
  artifactKey: Guid(f703b48d47357b348b152b5200b58959) Importer(2089858483,b0f066a214c2f5e87bad3c948f4d605d)
Start importing Assets/Tilemaps/Isometric/Tiles/Temple/temple-sliced_39.asset using Guid(f703b48d47357b348b152b5200b58959) Importer(2089858483,b0f066a214c2f5e87bad3c948f4d605d) (ScriptedImporter) -> (artifact id: '59aa16df34e7468ebf3ecfb5662349d9') in 0.0105151 seconds
Number of updated asset objects reloaded before import = 0Number of asset objects unloaded after import = 2

========================================================================
Received Import Request.
  Time since last request: 0.000016 seconds.
  path: Assets/Tilemaps/Isometric/Tiles/Temple/temple-sliced_13.asset
  artifactKey: Guid(d33e7a2fe80a9fb4f8e9445fb1e43188) Importer(2089858483,b0f066a214c2f5e87bad3c948f4d605d)
Start importing Assets/Tilemaps/Isometric/Tiles/Temple/temple-sliced_13.asset using Guid(d33e7a2fe80a9fb4f8e9445fb1e43188) Importer(2089858483,b0f066a214c2f5e87bad3c948f4d605d) (ScriptedImporter) -> (artifact id: 'b9d1b73c79a54cf5842a2cb8d5adafe2') in 0.0103854 seconds
Number of updated asset objects reloaded before import = 0Number of asset objects unloaded after import = 2

========================================================================
Received Import Request.
  Time since last request: 0.000020 seconds.
  path: Assets/Tilemaps/Isometric/Tiles/Plains/plains-sliced_65.asset
  artifactKey: Guid(1029106da97d25f4a9b9be37b5b71cc1) Importer(2089858483,b0f066a214c2f5e87bad3c948f4d605d)
Start importing Assets/Tilemaps/Isometric/Tiles/Plains/plains-sliced_65.asset using Guid(1029106da97d25f4a9b9be37b5b71cc1) Importer(2089858483,b0f066a214c2f5e87bad3c948f4d605d) (ScriptedImporter) -> (artifact id: '6b41a0e1c070c101abf8cc08c7cc429e') in 0.0112977 seconds
Number of updated asset objects reloaded before import = 0Number of asset objects unloaded after import = 2

========================================================================
Received Import Request.
  Time since last request: 0.000018 seconds.
  path: Assets/Tilemaps/Isometric/Tiles/Temple/temple-sliced_16.asset
  artifactKey: Guid(d53d97ba637020f48910c6e085de313d) Importer(2089858483,b0f066a214c2f5e87bad3c948f4d605d)
Start importing Assets/Tilemaps/Isometric/Tiles/Temple/temple-sliced_16.asset using Guid(d53d97ba637020f48910c6e085de313d) Importer(2089858483,b0f066a214c2f5e87bad3c948f4d605d) (ScriptedImporter) -> (artifact id: '2227a175fec9e8d99a87d2824625f09d') in 0.0161462 seconds
Number of updated asset objects reloaded before import = 0Number of asset objects unloaded after import = 2

========================================================================
Received Import Request.
  Time since last request: 0.000020 seconds.
  path: Assets/Tilemaps/Isometric/Tiles/Plains/plains-sliced_33.asset
  artifactKey: Guid(6f2da3cfb81375a4e8ca6c351947f677) Importer(2089858483,b0f066a214c2f5e87bad3c948f4d605d)
Start importing Assets/Tilemaps/Isometric/Tiles/Plains/plains-sliced_33.asset using Guid(6f2da3cfb81375a4e8ca6c351947f677) Importer(2089858483,b0f066a214c2f5e87bad3c948f4d605d) (ScriptedImporter) -> (artifact id: '9ab71e4abad577dd269e6f6f778d856a') in 0.0175449 seconds
Number of updated asset objects reloaded before import = 0Number of asset objects unloaded after import = 2

========================================================================
Received Import Request.
  Time since last request: 0.000013 seconds.
  path: Assets/Tilemaps/Isometric/Tiles/Plains/plains-sliced_34.asset
  artifactKey: Guid(2822c5e8b76e28a47ab8dc9bc27983f5) Importer(2089858483,b0f066a214c2f5e87bad3c948f4d605d)
Start importing Assets/Tilemaps/Isometric/Tiles/Plains/plains-sliced_34.asset using Guid(2822c5e8b76e28a47ab8dc9bc27983f5) Importer(2089858483,b0f066a214c2f5e87bad3c948f4d605d) (ScriptedImporter) -> (artifact id: 'ec33e5330a2c6dfe6f3ae087f0387d8a') in 0.0156515 seconds
Number of updated asset objects reloaded before import = 0Number of asset objects unloaded after import = 2

========================================================================
Received Import Request.
  Time since last request: 0.000033 seconds.
  path: Assets/Tilemaps/Isometric/Tiles/Temple/temple-sliced_25.asset
  artifactKey: Guid(592d50a44e7bb674587deca3188d494d) Importer(2089858483,b0f066a214c2f5e87bad3c948f4d605d)
Start importing Assets/Tilemaps/Isometric/Tiles/Temple/temple-sliced_25.asset using Guid(592d50a44e7bb674587deca3188d494d) Importer(2089858483,b0f066a214c2f5e87bad3c948f4d605d) (ScriptedImporter) -> (artifact id: 'efa6e82397ef1cc3336497abb0d2b4cd') in 0.0197479 seconds
Number of updated asset objects reloaded before import = 0Number of asset objects unloaded after import = 2

========================================================================
Received Import Request.
  Time since last request: 0.000015 seconds.
  path: Assets/Tilemaps/Isometric/Tiles/Temple/temple-sliced_03.asset
  artifactKey: Guid(266ef18a3abab534491024aa74f63c7b) Importer(2089858483,b0f066a214c2f5e87bad3c948f4d605d)
Start importing Assets/Tilemaps/Isometric/Tiles/Temple/temple-sliced_03.asset using Guid(266ef18a3abab534491024aa74f63c7b) Importer(2089858483,b0f066a214c2f5e87bad3c948f4d605d) (ScriptedImporter) -> (artifact id: '6b6372e4722b477c255bf7e43415ace1') in 0.0108926 seconds
Number of updated asset objects reloaded before import = 0Number of asset objects unloaded after import = 2

========================================================================
Received Import Request.
  Time since last request: 0.000014 seconds.
  path: Assets/_External/2d-techdemos/Brushes/Prefab Brush/ExamplePrefab.prefab
  artifactKey: Guid(d2937ee06f85133438a634d363dc8fc3) Importer(2089858483,b0f066a214c2f5e87bad3c948f4d605d)
Start importing Assets/_External/2d-techdemos/Brushes/Prefab Brush/ExamplePrefab.prefab using Guid(d2937ee06f85133438a634d363dc8fc3) Importer(2089858483,b0f066a214c2f5e87bad3c948f4d605d) (ScriptedImporter) -> (artifact id: '0ba3e7bc58beb074dc630a5560f2b0cb') in 0.0469286 seconds
Number of updated asset objects reloaded before import = 0Number of asset objects unloaded after import = 7

========================================================================
Received Import Request.
  Time since last request: 0.000018 seconds.
  path: Assets/Tilemaps/Isometric/Tiles/Temple/temple-sliced_05.asset
  artifactKey: Guid(0e1729cbf59b452499fc23a9d36e4a82) Importer(2089858483,b0f066a214c2f5e87bad3c948f4d605d)
Start importing Assets/Tilemaps/Isometric/Tiles/Temple/temple-sliced_05.asset using Guid(0e1729cbf59b452499fc23a9d36e4a82) Importer(2089858483,b0f066a214c2f5e87bad3c948f4d605d) (ScriptedImporter) -> (artifact id: 'fc8a08b4da1770e8751169863608fb23') in 0.0114001 seconds
Number of updated asset objects reloaded before import = 0Number of asset objects unloaded after import = 2

========================================================================
Received Import Request.
  Time since last request: 0.000016 seconds.
  path: Assets/Tilemaps/Isometric/Tiles/Temple/molten_NW_3.asset
  artifactKey: Guid(35c21c16c5b1d924d9a3fd66d069ea85) Importer(2089858483,b0f066a214c2f5e87bad3c948f4d605d)
Start importing Assets/Tilemaps/Isometric/Tiles/Temple/molten_NW_3.asset using Guid(35c21c16c5b1d924d9a3fd66d069ea85) Importer(2089858483,b0f066a214c2f5e87bad3c948f4d605d) (ScriptedImporter) -> (artifact id: '9ba2ef74425e0b4085c6e0a3a8c7fffc') in 0.0098181 seconds
Number of updated asset objects reloaded before import = 0Number of asset objects unloaded after import = 2

========================================================================
Received Import Request.
  Time since last request: 0.000022 seconds.
  path: Assets/Tilemaps/Isometric/Tiles/Temple/temple-sliced_15.asset
  artifactKey: Guid(306df38868b46ce42b8a391bbeb6e629) Importer(2089858483,b0f066a214c2f5e87bad3c948f4d605d)
Start importing Assets/Tilemaps/Isometric/Tiles/Temple/temple-sliced_15.asset using Guid(306df38868b46ce42b8a391bbeb6e629) Importer(2089858483,b0f066a214c2f5e87bad3c948f4d605d) (ScriptedImporter) -> (artifact id: '954ed4c4b2d041b769de6d05e66d6d06') in 0.0172827 seconds
Number of updated asset objects reloaded before import = 0Number of asset objects unloaded after import = 2

========================================================================
Received Import Request.
  Time since last request: 0.000017 seconds.
  path: Assets/Tilemaps/Isometric/Tiles/Temple/molten_NE_4.asset
  artifactKey: Guid(b3457d4d0313e054e89440a1329a6fa4) Importer(2089858483,b0f066a214c2f5e87bad3c948f4d605d)
Start importing Assets/Tilemaps/Isometric/Tiles/Temple/molten_NE_4.asset using Guid(b3457d4d0313e054e89440a1329a6fa4) Importer(2089858483,b0f066a214c2f5e87bad3c948f4d605d) (ScriptedImporter) -> (artifact id: '2a383008d2493522b75b3fb5325252c2') in 0.0112354 seconds
Number of updated asset objects reloaded before import = 0Number of asset objects unloaded after import = 2

========================================================================
Received Import Request.
  Time since last request: 0.000015 seconds.
  path: Assets/Tilemaps/Isometric/Tiles/Plains/plains-sliced_62.asset
  artifactKey: Guid(0f12bb04dedfef14690e816ecfeb4798) Importer(2089858483,b0f066a214c2f5e87bad3c948f4d605d)
Start importing Assets/Tilemaps/Isometric/Tiles/Plains/plains-sliced_62.asset using Guid(0f12bb04dedfef14690e816ecfeb4798) Importer(2089858483,b0f066a214c2f5e87bad3c948f4d605d) (ScriptedImporter) -> (artifact id: '738230fbfff72aa878c74266a890c0df') in 0.0114411 seconds
Number of updated asset objects reloaded before import = 0Number of asset objects unloaded after import = 2

========================================================================
Received Import Request.
  Time since last request: 0.000020 seconds.
  path: Assets/Tilemaps/Isometric/Tiles/Temple/temple-sliced_19.asset
  artifactKey: Guid(12b8568fe02b4c34a9839208a833eea6) Importer(2089858483,b0f066a214c2f5e87bad3c948f4d605d)
Start importing Assets/Tilemaps/Isometric/Tiles/Temple/temple-sliced_19.asset using Guid(12b8568fe02b4c34a9839208a833eea6) Importer(2089858483,b0f066a214c2f5e87bad3c948f4d605d) (ScriptedImporter) -> (artifact id: 'c8cc887a6b706e8c1d0deb4a01c008f3') in 0.0118166 seconds
Number of updated asset objects reloaded before import = 0Number of asset objects unloaded after import = 2

========================================================================
Received Import Request.
  Time since last request: 0.000013 seconds.
  path: Assets/Tilemaps/Isometric/Tiles/Temple/temple-sliced_30.asset
  artifactKey: Guid(7cbacc73c0f3f0049805d13522e6a12d) Importer(2089858483,b0f066a214c2f5e87bad3c948f4d605d)
Start importing Assets/Tilemaps/Isometric/Tiles/Temple/temple-sliced_30.asset using Guid(7cbacc73c0f3f0049805d13522e6a12d) Importer(2089858483,b0f066a214c2f5e87bad3c948f4d605d) (ScriptedImporter) -> (artifact id: '14cdce57976c661543be84d8a9b09eb1') in 0.0114594 seconds
Number of updated asset objects reloaded before import = 0Number of asset objects unloaded after import = 2

========================================================================
Received Import Request.
  Time since last request: 0.000015 seconds.
  path: Assets/Tilemaps/Isometric/Tiles/Temple/molten_cornerN_2.asset
  artifactKey: Guid(ffb1f88970586c44e939010a4ac0103e) Importer(2089858483,b0f066a214c2f5e87bad3c948f4d605d)
Start importing Assets/Tilemaps/Isometric/Tiles/Temple/molten_cornerN_2.asset using Guid(ffb1f88970586c44e939010a4ac0103e) Importer(2089858483,b0f066a214c2f5e87bad3c948f4d605d) (ScriptedImporter) -> (artifact id: '78763ba521d47fa5da9dcbd9b77215e4') in 0.0115357 seconds
Number of updated asset objects reloaded before import = 0Number of asset objects unloaded after import = 2

========================================================================
Received Import Request.
  Time since last request: 0.000017 seconds.
  path: Assets/Tilemaps/Isometric/Tiles/FrozenCave/cave-sliced_08.asset
  artifactKey: Guid(22472865855d4d844addbebc39234593) Importer(2089858483,b0f066a214c2f5e87bad3c948f4d605d)
Start importing Assets/Tilemaps/Isometric/Tiles/FrozenCave/cave-sliced_08.asset using Guid(22472865855d4d844addbebc39234593) Importer(2089858483,b0f066a214c2f5e87bad3c948f4d605d) (ScriptedImporter) -> (artifact id: '1bcecd99b29ad4b79cc4a2b741b9abfa') in 0.0113561 seconds
Number of updated asset objects reloaded before import = 0Number of asset objects unloaded after import = 2

========================================================================
Received Import Request.
  Time since last request: 0.000025 seconds.
  path: Assets/Tilemaps/Isometric/Tiles/Temple/temple-sliced_29.asset
  artifactKey: Guid(33c75bc72a16adc478ee43adeaf79de3) Importer(2089858483,b0f066a214c2f5e87bad3c948f4d605d)
Start importing Assets/Tilemaps/Isometric/Tiles/Temple/temple-sliced_29.asset using Guid(33c75bc72a16adc478ee43adeaf79de3) Importer(2089858483,b0f066a214c2f5e87bad3c948f4d605d) (ScriptedImporter) -> (artifact id: 'c050d524da07a6fcfe0d336eefdffb0a') in 0.0102676 seconds
Number of updated asset objects reloaded before import = 0Number of asset objects unloaded after import = 2

========================================================================
Received Import Request.
  Time since last request: 0.000016 seconds.
  path: Assets/Tilemaps/Isometric/Tiles/Plains/plains-sliced_50.asset
  artifactKey: Guid(a029aa5d8858b8f40b2f6592e4ada358) Importer(2089858483,b0f066a214c2f5e87bad3c948f4d605d)
Start importing Assets/Tilemaps/Isometric/Tiles/Plains/plains-sliced_50.asset using Guid(a029aa5d8858b8f40b2f6592e4ada358) Importer(2089858483,b0f066a214c2f5e87bad3c948f4d605d) (ScriptedImporter) -> (artifact id: 'f3cd1f00a561916c35b711d74c5e0f8c') in 0.01849 seconds
Number of updated asset objects reloaded before import = 0Number of asset objects unloaded after import = 2

========================================================================
Received Import Request.
  Time since last request: 0.000017 seconds.
  path: Assets/Tilemaps/Isometric/Tiles/Temple/temple-sliced_21.asset
  artifactKey: Guid(d87d1a98c164b284da542308caa64ba0) Importer(2089858483,b0f066a214c2f5e87bad3c948f4d605d)
Start importing Assets/Tilemaps/Isometric/Tiles/Temple/temple-sliced_21.asset using Guid(d87d1a98c164b284da542308caa64ba0) Importer(2089858483,b0f066a214c2f5e87bad3c948f4d605d) (ScriptedImporter) -> (artifact id: '80d7959cf300e1fcf174153e0ea0469e') in 0.0115223 seconds
Number of updated asset objects reloaded before import = 0Number of asset objects unloaded after import = 2

========================================================================
Received Import Request.
  Time since last request: 0.000019 seconds.
  path: Assets/Tilemaps/Isometric/Tiles/Plains/plains-sliced_55.asset
  artifactKey: Guid(26f34cd29aeecdb4f942baa91d0a7b29) Importer(2089858483,b0f066a214c2f5e87bad3c948f4d605d)
Start importing Assets/Tilemaps/Isometric/Tiles/Plains/plains-sliced_55.asset using Guid(26f34cd29aeecdb4f942baa91d0a7b29) Importer(2089858483,b0f066a214c2f5e87bad3c948f4d605d) (ScriptedImporter) -> (artifact id: '0f035f4d89a69c406d78e8bb305597e1') in 0.0226341 seconds
Number of updated asset objects reloaded before import = 0Number of asset objects unloaded after import = 2

========================================================================
Received Import Request.
  Time since last request: 0.000028 seconds.
  path: Assets/Tilemaps/Isometric/Tiles/Desert/desert-sliced_13.asset
  artifactKey: Guid(efb3570886f21a5428c0bc532bfd16b2) Importer(2089858483,b0f066a214c2f5e87bad3c948f4d605d)
Start importing Assets/Tilemaps/Isometric/Tiles/Desert/desert-sliced_13.asset using Guid(efb3570886f21a5428c0bc532bfd16b2) Importer(2089858483,b0f066a214c2f5e87bad3c948f4d605d) (ScriptedImporter) -> (artifact id: 'ccba6380577a348e2c57d50f5a1d0dcc') in 0.0093948 seconds
Number of updated asset objects reloaded before import = 0Number of asset objects unloaded after import = 2

========================================================================
Received Import Request.
  Time since last request: 0.000019 seconds.
  path: Assets/Tilemaps/Isometric/Tiles/FrozenMountain/snow_SW.asset
  artifactKey: Guid(ecd5cf841fa3ca7408340c4eaeba8377) Importer(2089858483,b0f066a214c2f5e87bad3c948f4d605d)
Start importing Assets/Tilemaps/Isometric/Tiles/FrozenMountain/snow_SW.asset using Guid(ecd5cf841fa3ca7408340c4eaeba8377) Importer(2089858483,b0f066a214c2f5e87bad3c948f4d605d) (ScriptedImporter) -> (artifact id: '1379782dbd082b678f282c80d19ef335') in 0.0089889 seconds
Number of updated asset objects reloaded before import = 0Number of asset objects unloaded after import = 2

========================================================================
Received Import Request.
  Time since last request: 0.000012 seconds.
  path: Assets/Tilemaps/Isometric/Tiles/Plains/plains-sliced_60.asset
  artifactKey: Guid(1b7749254430cb94d8ebcfefbb0b21d8) Importer(2089858483,b0f066a214c2f5e87bad3c948f4d605d)
Start importing Assets/Tilemaps/Isometric/Tiles/Plains/plains-sliced_60.asset using Guid(1b7749254430cb94d8ebcfefbb0b21d8) Importer(2089858483,b0f066a214c2f5e87bad3c948f4d605d) (ScriptedImporter) -> (artifact id: 'e717d090023236ae302409e9a133fdc2') in 0.0113306 seconds
Number of updated asset objects reloaded before import = 0Number of asset objects unloaded after import = 2

========================================================================
Received Import Request.
  Time since last request: 0.000016 seconds.
  path: Assets/Tilemaps/Hexagonal/Tiles/hex-sliced_99.asset
  artifactKey: Guid(fe63c163c953a444b997af743cebba39) Importer(2089858483,b0f066a214c2f5e87bad3c948f4d605d)
Start importing Assets/Tilemaps/Hexagonal/Tiles/hex-sliced_99.asset using Guid(fe63c163c953a444b997af743cebba39) Importer(2089858483,b0f066a214c2f5e87bad3c948f4d605d) (ScriptedImporter) -> (artifact id: 'b04e746c11b3791bbd6c5b52cc90f6a8') in 0.0116971 seconds
Number of updated asset objects reloaded before import = 0Number of asset objects unloaded after import = 2

========================================================================
Received Prepare
Begin MonoManager ReloadAssembly
Symbol file LoadedFromMemory is not a mono symbol file
- Loaded All Assemblies, in  0.532 seconds
Refreshing native plugins compatible for Editor in 4.13 ms, found 2 plugins.
Native extension for WindowsStandalone target not found
[Package Manager] Failed to launch server process. Reason: Unity was launched with the -noUpm command-line argument
[Package Manager] Unable to send message (not connected to server process).
[Package Manager] Cannot connect to Unity Package Manager local server
Mono: successfully reloaded assembly
- Finished resetting the current domain, in  0.836 seconds
Domain Reload Profiling: 1365ms
	BeginReloadAssembly (181ms)
		ExecutionOrderSort (0ms)
		DisableScriptedObjects (7ms)
		BackupInstance (0ms)
		ReleaseScriptingObjects (0ms)
		CreateAndSetChildDomain (45ms)
	RebuildCommonClasses (30ms)
	RebuildNativeTypeToScriptingClass (11ms)
	initialDomainReloadingComplete (33ms)
	LoadAllAssembliesAndSetupDomain (274ms)
		LoadAssemblies (279ms)
		RebuildTransferFunctionScriptingTraits (0ms)
		AnalyzeDomain (83ms)
			TypeCache.Refresh (5ms)
				TypeCache.ScanAssembly (0ms)
			BuildScriptInfoCaches (74ms)
			ResolveRequiredComponents (2ms)
	FinalizeReload (837ms)
		ReleaseScriptCaches (0ms)
		RebuildScriptCaches (0ms)
		SetupLoadedEditorAssemblies (715ms)
			LogAssemblyErrors (0ms)
			InitializePlatformSupportModulesInManaged (2ms)
			SetLoadedEditorAssemblies (4ms)
			BeforeProcessingInitializeOnLoad (148ms)
			ProcessInitializeOnLoadAttributes (323ms)
			ProcessInitializeOnLoadMethodAttributes (229ms)
			AfterProcessingInitializeOnLoad (10ms)
			EditorAssembliesLoaded (0ms)
		ExecutionOrderSort2 (0ms)
		AwakeInstancesAfterBackupRestoration (6ms)
Refreshing native plugins compatible for Editor in 5.94 ms, found 2 plugins.
Preloading 0 native plugins for Editor in 0.00 ms.
Unloading 0 Unused Serialized files (Serialized files now loaded: 0)
Unloading 2970 unused Assets / (1.0 MB). Loaded Objects now: 3543.
Memory consumption went from 90.3 MB to 89.3 MB.
Total: 12.420000 ms (FindLiveObjects: 0.335000 ms CreateObjectMapping: 0.590100 ms MarkObjects: 10.568600 ms  DeleteObjects: 0.925500 ms)

Prepare: number of updated asset objects reloaded= 0
========================================================================
Received Prepare
Refreshing native plugins compatible for Editor in 4.83 ms, found 2 plugins.
Preloading 0 native plugins for Editor in 0.00 ms.
Unloading 0 Unused Serialized files (Serialized files now loaded: 0)
Unloading 2939 unused Assets / (1.1 MB). Loaded Objects now: 3543.
Memory consumption went from 90.3 MB to 89.2 MB.
Total: 11.639500 ms (FindLiveObjects: 0.315800 ms CreateObjectMapping: 0.312800 ms MarkObjects: 9.896600 ms  DeleteObjects: 1.113400 ms)

Prepare: number of updated asset objects reloaded= 0
========================================================================
Received Prepare
Begin MonoManager ReloadAssembly
[Licensing::Client] Successfully resolved entitlement details
[Licensing::Module] License group:
  Id: F4-VYDB-PY66-6ERU-DUB9-XXXX
  Product: Unity Personal
  Type: ULF
  Expiration: Unlimited
[Licensing::Module] License group:
  Id: 1375879930017-UnityPersXXXX
  Product: Unity Personal
  Type: Assigned
  Expiration: Unlimited
Symbol file LoadedFromMemory is not a mono symbol file
- Loaded All Assemblies, in  0.591 seconds
Refreshing native plugins compatible for Editor in 5.17 ms, found 2 plugins.
Native extension for WindowsStandalone target not found
[Package Manager] Failed to launch server process. Reason: Unity was launched with the -noUpm command-line argument
[Package Manager] Unable to send message (not connected to server process).
[Package Manager] Cannot connect to Unity Package Manager local server
Mono: successfully reloaded assembly
- Finished resetting the current domain, in  0.751 seconds
Domain Reload Profiling: 1339ms
	BeginReloadAssembly (172ms)
		ExecutionOrderSort (0ms)
		DisableScriptedObjects (6ms)
		BackupInstance (0ms)
		ReleaseScriptingObjects (0ms)
		CreateAndSetChildDomain (40ms)
	RebuildCommonClasses (29ms)
	RebuildNativeTypeToScriptingClass (12ms)
	initialDomainReloadingComplete (32ms)
	LoadAllAssembliesAndSetupDomain (342ms)
		LoadAssemblies (346ms)
		RebuildTransferFunctionScriptingTraits (0ms)
		AnalyzeDomain (79ms)
			TypeCache.Refresh (6ms)
				TypeCache.ScanAssembly (1ms)
			BuildScriptInfoCaches (68ms)
			ResolveRequiredComponents (2ms)
	FinalizeReload (751ms)
		ReleaseScriptCaches (0ms)
		RebuildScriptCaches (0ms)
		SetupLoadedEditorAssemblies (630ms)
			LogAssemblyErrors (0ms)
			InitializePlatformSupportModulesInManaged (2ms)
			SetLoadedEditorAssemblies (3ms)
			BeforeProcessingInitializeOnLoad (142ms)
			ProcessInitializeOnLoadAttributes (285ms)
			ProcessInitializeOnLoadMethodAttributes (188ms)
			AfterProcessingInitializeOnLoad (9ms)
			EditorAssembliesLoaded (0ms)
		ExecutionOrderSort2 (0ms)
		AwakeInstancesAfterBackupRestoration (7ms)
Refreshing native plugins compatible for Editor in 5.52 ms, found 2 plugins.
Preloading 0 native plugins for Editor in 0.00 ms.
Unloading 0 Unused Serialized files (Serialized files now loaded: 0)
Unloading 2969 unused Assets / (1.1 MB). Loaded Objects now: 3544.
Memory consumption went from 90.3 MB to 89.2 MB.
Total: 12.345200 ms (FindLiveObjects: 0.455100 ms CreateObjectMapping: 0.431300 ms MarkObjects: 10.483800 ms  DeleteObjects: 0.974200 ms)

Prepare: number of updated asset objects reloaded= 0
========================================================================
Received Prepare
Begin MonoManager ReloadAssembly
Symbol file LoadedFromMemory is not a mono symbol file
- Loaded All Assemblies, in  0.512 seconds
Refreshing native plugins compatible for Editor in 4.94 ms, found 2 plugins.
Native extension for WindowsStandalone target not found
[Package Manager] Failed to launch server process. Reason: Unity was launched with the -noUpm command-line argument
[Package Manager] Unable to send message (not connected to server process).
[Package Manager] Cannot connect to Unity Package Manager local server
Mono: successfully reloaded assembly
- Finished resetting the current domain, in  0.742 seconds
Domain Reload Profiling: 1251ms
	BeginReloadAssembly (173ms)
		ExecutionOrderSort (0ms)
		DisableScriptedObjects (6ms)
		BackupInstance (0ms)
		ReleaseScriptingObjects (0ms)
		CreateAndSetChildDomain (39ms)
	RebuildCommonClasses (33ms)
	RebuildNativeTypeToScriptingClass (17ms)
	initialDomainReloadingComplete (27ms)
	LoadAllAssembliesAndSetupDomain (258ms)
		LoadAssemblies (273ms)
		RebuildTransferFunctionScriptingTraits (0ms)
		AnalyzeDomain (72ms)
			TypeCache.Refresh (4ms)
				TypeCache.ScanAssembly (0ms)
			BuildScriptInfoCaches (64ms)
			ResolveRequiredComponents (2ms)
	FinalizeReload (743ms)
		ReleaseScriptCaches (0ms)
		RebuildScriptCaches (0ms)
		SetupLoadedEditorAssemblies (627ms)
			LogAssemblyErrors (0ms)
			InitializePlatformSupportModulesInManaged (2ms)
			SetLoadedEditorAssemblies (3ms)
			BeforeProcessingInitializeOnLoad (133ms)
			ProcessInitializeOnLoadAttributes (278ms)
			ProcessInitializeOnLoadMethodAttributes (201ms)
			AfterProcessingInitializeOnLoad (9ms)
			EditorAssembliesLoaded (0ms)
		ExecutionOrderSort2 (0ms)
		AwakeInstancesAfterBackupRestoration (8ms)
Refreshing native plugins compatible for Editor in 4.85 ms, found 2 plugins.
Preloading 0 native plugins for Editor in 0.00 ms.
Unloading 0 Unused Serialized files (Serialized files now loaded: 0)
Unloading 2969 unused Assets / (1.1 MB). Loaded Objects now: 3545.
Memory consumption went from 90.3 MB to 89.2 MB.
Total: 11.368500 ms (FindLiveObjects: 0.442400 ms CreateObjectMapping: 0.392500 ms MarkObjects: 9.423000 ms  DeleteObjects: 1.109500 ms)

Prepare: number of updated asset objects reloaded= 0
========================================================================
Received Prepare
Begin MonoManager ReloadAssembly
[Licensing::Client] Successfully resolved entitlement details
[Licensing::Module] License group:
  Id: F4-VYDB-PY66-6ERU-DUB9-XXXX
  Product: Unity Personal
  Type: ULF
  Expiration: Unlimited
[Licensing::Module] License group:
  Id: 1375879930017-UnityPersXXXX
  Product: Unity Personal
  Type: Assigned
  Expiration: Unlimited
Symbol file LoadedFromMemory is not a mono symbol file
- Loaded All Assemblies, in  0.535 seconds
Refreshing native plugins compatible for Editor in 4.23 ms, found 2 plugins.
Native extension for WindowsStandalone target not found
[Package Manager] Failed to launch server process. Reason: Unity was launched with the -noUpm command-line argument
[Package Manager] Unable to send message (not connected to server process).
[Package Manager] Cannot connect to Unity Package Manager local server
Mono: successfully reloaded assembly
- Finished resetting the current domain, in  0.616 seconds
Domain Reload Profiling: 1148ms
	BeginReloadAssembly (175ms)
		ExecutionOrderSort (0ms)
		DisableScriptedObjects (8ms)
		BackupInstance (0ms)
		ReleaseScriptingObjects (0ms)
		CreateAndSetChildDomain (39ms)
	RebuildCommonClasses (34ms)
	RebuildNativeTypeToScriptingClass (11ms)
	initialDomainReloadingComplete (27ms)
	LoadAllAssembliesAndSetupDomain (284ms)
		LoadAssemblies (283ms)
		RebuildTransferFunctionScriptingTraits (0ms)
		AnalyzeDomain (86ms)
			TypeCache.Refresh (7ms)
				TypeCache.ScanAssembly (1ms)
			BuildScriptInfoCaches (74ms)
			ResolveRequiredComponents (2ms)
	FinalizeReload (617ms)
		ReleaseScriptCaches (0ms)
		RebuildScriptCaches (0ms)
		SetupLoadedEditorAssemblies (516ms)
			LogAssemblyErrors (0ms)
			InitializePlatformSupportModulesInManaged (1ms)
			SetLoadedEditorAssemblies (2ms)
			BeforeProcessingInitializeOnLoad (118ms)
			ProcessInitializeOnLoadAttributes (227ms)
			ProcessInitializeOnLoadMethodAttributes (160ms)
			AfterProcessingInitializeOnLoad (7ms)
			EditorAssembliesLoaded (0ms)
		ExecutionOrderSort2 (0ms)
		AwakeInstancesAfterBackupRestoration (5ms)
Refreshing native plugins compatible for Editor in 3.97 ms, found 2 plugins.
Preloading 0 native plugins for Editor in 0.00 ms.
Unloading 0 Unused Serialized files (Serialized files now loaded: 0)
Unloading 2969 unused Assets / (0.8 MB). Loaded Objects now: 3546.
Memory consumption went from 90.3 MB to 89.5 MB.
Total: 9.964500 ms (FindLiveObjects: 0.261900 ms CreateObjectMapping: 0.234800 ms MarkObjects: 8.808700 ms  DeleteObjects: 0.658700 ms)

Prepare: number of updated asset objects reloaded= 0
========================================================================
Received Prepare
Begin MonoManager ReloadAssembly
Symbol file LoadedFromMemory is not a mono symbol file
- Loaded All Assemblies, in  0.507 seconds
Refreshing native plugins compatible for Editor in 3.87 ms, found 2 plugins.
Native extension for WindowsStandalone target not found
[Package Manager] Failed to launch server process. Reason: Unity was launched with the -noUpm command-line argument
[Package Manager] Unable to send message (not connected to server process).
[Package Manager] Cannot connect to Unity Package Manager local server
Mono: successfully reloaded assembly
- Finished resetting the current domain, in  0.763 seconds
Domain Reload Profiling: 1267ms
	BeginReloadAssembly (163ms)
		ExecutionOrderSort (0ms)
		DisableScriptedObjects (5ms)
		BackupInstance (0ms)
		ReleaseScriptingObjects (0ms)
		CreateAndSetChildDomain (39ms)
	RebuildCommonClasses (30ms)
	RebuildNativeTypeToScriptingClass (11ms)
	initialDomainReloadingComplete (26ms)
	LoadAllAssembliesAndSetupDomain (274ms)
		LoadAssemblies (266ms)
		RebuildTransferFunctionScriptingTraits (0ms)
		AnalyzeDomain (87ms)
			TypeCache.Refresh (4ms)
				TypeCache.ScanAssembly (0ms)
			BuildScriptInfoCaches (79ms)
			ResolveRequiredComponents (2ms)
	FinalizeReload (764ms)
		ReleaseScriptCaches (0ms)
		RebuildScriptCaches (0ms)
		SetupLoadedEditorAssemblies (646ms)
			LogAssemblyErrors (0ms)
			InitializePlatformSupportModulesInManaged (2ms)
			SetLoadedEditorAssemblies (3ms)
			BeforeProcessingInitializeOnLoad (137ms)
			ProcessInitializeOnLoadAttributes (284ms)
			ProcessInitializeOnLoadMethodAttributes (213ms)
			AfterProcessingInitializeOnLoad (7ms)
			EditorAssembliesLoaded (0ms)
		ExecutionOrderSort2 (0ms)
		AwakeInstancesAfterBackupRestoration (8ms)
Refreshing native plugins compatible for Editor in 5.05 ms, found 2 plugins.
Preloading 0 native plugins for Editor in 0.00 ms.
Unloading 0 Unused Serialized files (Serialized files now loaded: 0)
Unloading 2969 unused Assets / (0.8 MB). Loaded Objects now: 3547.
Memory consumption went from 90.3 MB to 89.5 MB.
Total: 11.475200 ms (FindLiveObjects: 0.266500 ms CreateObjectMapping: 0.127900 ms MarkObjects: 10.415000 ms  DeleteObjects: 0.664800 ms)

Prepare: number of updated asset objects reloaded= 0
